[GIN-debug] [WARNING] Creating an Engine instance with the Logger and Recovery middleware already attached.

[GIN-debug] [WARNING] Running in "debug" mode. Switch to "release" mode in production.
 - using env:	export GIN_MODE=release
 - using code:	gin.SetMode(gin.ReleaseMode)

[GIN-debug] GET    /exercises                --> github.com/gabrielcervante/exercises-history/handlers.(*Exercise).GetExercises-fm (3 handlers)
[GIN-debug] POST   /add                      --> github.com/gabrielcervante/exercises-history/handlers.(*Exercise).AddExercise-fm (3 handlers)
[GIN-debug] PUT    /update                   --> github.com/gabrielcervante/exercises-history/handlers.(*Exercise).UpdateExercise-fm (3 handlers)
[GIN-debug] DELETE /delete                   --> github.com/gabrielcervante/exercises-history/handlers.(*Exercise).DeleteExercise-fm (3 handlers)
[GIN-debug] [WARNING] Creating an Engine instance with the Logger and Recovery middleware already attached.

[GIN-debug] [WARNING] Running in "debug" mode. Switch to "release" mode in production.
 - using env:	export GIN_MODE=release
 - using code:	gin.SetMode(gin.ReleaseMode)

[GIN-debug] GET    /exercises                --> github.com/gabrielcervante/exercises-history/handlers.(*Exercise).GetExercises-fm (3 handlers)
[GIN-debug] POST   /add                      --> github.com/gabrielcervante/exercises-history/handlers.(*Exercise).AddExercise-fm (3 handlers)
[GIN-debug] PUT    /update                   --> github.com/gabrielcervante/exercises-history/handlers.(*Exercise).UpdateExercise-fm (3 handlers)
[GIN-debug] DELETE /delete                   --> github.com/gabrielcervante/exercises-history/handlers.(*Exercise).DeleteExercise-fm (3 handlers)
[GIN] 2022/01/23 - 01:53:30 | 200 |   16.583847ms |       127.0.0.1 | GET      "/exercises"
[GIN] 2022/01/23 - 01:54:11 | 200 |   13.776933ms |       127.0.0.1 | GET      "/exercises"
[GIN-debug] [WARNING] Creating an Engine instance with the Logger and Recovery middleware already attached.

[GIN-debug] [WARNING] Running in "debug" mode. Switch to "release" mode in production.
 - using env:	export GIN_MODE=release
 - using code:	gin.SetMode(gin.ReleaseMode)

[GIN-debug] GET    /exercises                --> github.com/gabrielcervante/exercises-history/handlers.(*Exercise).GetExercises-fm (3 handlers)
[GIN-debug] POST   /add                      --> github.com/gabrielcervante/exercises-history/handlers.(*Exercise).AddExercise-fm (3 handlers)
[GIN-debug] PUT    /update                   --> github.com/gabrielcervante/exercises-history/handlers.(*Exercise).UpdateExercise-fm (3 handlers)
[GIN-debug] DELETE /delete                   --> github.com/gabrielcervante/exercises-history/handlers.(*Exercise).DeleteExercise-fm (3 handlers)
[GIN] 2022/01/23 - 21:56:28 | 404 |         852ns |       127.0.0.1 | POST     "/"
[GIN-debug] [WARNING] Creating an Engine instance with the Logger and Recovery middleware already attached.

[GIN-debug] [WARNING] Running in "debug" mode. Switch to "release" mode in production.
 - using env:	export GIN_MODE=release
 - using code:	gin.SetMode(gin.ReleaseMode)

[GIN-debug] GET    /exercises                --> github.com/gabrielcervante/exercises-history/handlers.(*Exercise).GetExercises-fm (3 handlers)
[GIN-debug] POST   /add                      --> github.com/gabrielcervante/exercises-history/handlers.(*Exercise).AddExercise-fm (3 handlers)
[GIN-debug] PUT    /update                   --> github.com/gabrielcervante/exercises-history/handlers.(*Exercise).UpdateExercise-fm (3 handlers)
[GIN-debug] DELETE /delete                   --> github.com/gabrielcervante/exercises-history/handlers.(*Exercise).DeleteExercise-fm (3 handlers)
[GIN] 2022/01/23 - 21:59:31 | 404 |   14.652166ms |       127.0.0.1 | POST     "/add"
[GIN-debug] [WARNING] Creating an Engine instance with the Logger and Recovery middleware already attached.

[GIN-debug] [WARNING] Running in "debug" mode. Switch to "release" mode in production.
 - using env:	export GIN_MODE=release
 - using code:	gin.SetMode(gin.ReleaseMode)

[GIN-debug] GET    /exercises                --> github.com/gabrielcervante/exercises-history/handlers.(*Exercise).GetExercises-fm (3 handlers)
[GIN-debug] POST   /add                      --> github.com/gabrielcervante/exercises-history/handlers.(*Exercise).AddExercise-fm (3 handlers)
[GIN-debug] PUT    /update                   --> github.com/gabrielcervante/exercises-history/handlers.(*Exercise).UpdateExercise-fm (3 handlers)
[GIN-debug] DELETE /delete                   --> github.com/gabrielcervante/exercises-history/handlers.(*Exercise).DeleteExercise-fm (3 handlers)
[GIN-debug] [WARNING] Creating an Engine instance with the Logger and Recovery middleware already attached.

[GIN-debug] [WARNING] Running in "debug" mode. Switch to "release" mode in production.
 - using env:	export GIN_MODE=release
 - using code:	gin.SetMode(gin.ReleaseMode)

[GIN-debug] GET    /exercises                --> github.com/gabrielcervante/exercises-history/handlers.(*Exercise).GetExercises-fm (3 handlers)
[GIN-debug] POST   /add                      --> github.com/gabrielcervante/exercises-history/handlers.(*Exercise).AddExercise-fm (3 handlers)
[GIN-debug] PUT    /update                   --> github.com/gabrielcervante/exercises-history/handlers.(*Exercise).UpdateExercise-fm (3 handlers)
[GIN-debug] DELETE /delete                   --> github.com/gabrielcervante/exercises-history/handlers.(*Exercise).DeleteExercise-fm (3 handlers)
[GIN-debug] [WARNING] Creating an Engine instance with the Logger and Recovery middleware already attached.

[GIN-debug] [WARNING] Running in "debug" mode. Switch to "release" mode in production.
 - using env:	export GIN_MODE=release
 - using code:	gin.SetMode(gin.ReleaseMode)

[GIN-debug] GET    /exercises                --> github.com/gabrielcervante/exercises-history/handlers.(*Exercise).GetExercises-fm (3 handlers)
[GIN-debug] POST   /add                      --> github.com/gabrielcervante/exercises-history/handlers.(*Exercise).AddExercise-fm (3 handlers)
[GIN-debug] PUT    /update                   --> github.com/gabrielcervante/exercises-history/handlers.(*Exercise).UpdateExercise-fm (3 handlers)
[GIN-debug] DELETE /delete                   --> github.com/gabrielcervante/exercises-history/handlers.(*Exercise).DeleteExercise-fm (3 handlers)
[GIN] 2022/01/23 - 22:08:18 | 200 |     375.741µs |       127.0.0.1 | POST     "/add"
[GIN-debug] [WARNING] Creating an Engine instance with the Logger and Recovery middleware already attached.

[GIN-debug] [WARNING] Running in "debug" mode. Switch to "release" mode in production.
 - using env:	export GIN_MODE=release
 - using code:	gin.SetMode(gin.ReleaseMode)

[GIN-debug] GET    /exercises                --> github.com/gabrielcervante/exercises-history/handlers.(*Exercise).GetExercises-fm (3 handlers)
[GIN-debug] POST   /add                      --> github.com/gabrielcervante/exercises-history/handlers.(*Exercise).AddExercise-fm (3 handlers)
[GIN-debug] PUT    /update                   --> github.com/gabrielcervante/exercises-history/handlers.(*Exercise).UpdateExercise-fm (3 handlers)
[GIN-debug] DELETE /delete                   --> github.com/gabrielcervante/exercises-history/handlers.(*Exercise).DeleteExercise-fm (3 handlers)
[GIN] 2022/01/23 - 22:08:46 | 200 |     529.483µs |       127.0.0.1 | POST     "/add"
[GIN] 2022/01/23 - 22:11:52 | 200 |     123.148µs |       127.0.0.1 | POST     "/add"
[GIN] 2022/01/23 - 22:11:53 | 200 |     187.337µs |       127.0.0.1 | POST     "/add"
[GIN] 2022/01/23 - 22:11:55 | 200 |     198.555µs |       127.0.0.1 | POST     "/add"
[GIN-debug] [WARNING] Creating an Engine instance with the Logger and Recovery middleware already attached.

[GIN-debug] [WARNING] Running in "debug" mode. Switch to "release" mode in production.
 - using env:	export GIN_MODE=release
 - using code:	gin.SetMode(gin.ReleaseMode)

[GIN-debug] GET    /exercises                --> github.com/gabrielcervante/exercises-history/handlers.(*Exercise).GetExercises-fm (3 handlers)
[GIN-debug] POST   /add                      --> github.com/gabrielcervante/exercises-history/handlers.(*Exercise).AddExercise-fm (3 handlers)
[GIN-debug] PUT    /update                   --> github.com/gabrielcervante/exercises-history/handlers.(*Exercise).UpdateExercise-fm (3 handlers)
[GIN-debug] DELETE /delete                   --> github.com/gabrielcervante/exercises-history/handlers.(*Exercise).DeleteExercise-fm (3 handlers)
[GIN] 2022/01/23 - 22:16:56 | 400 |    11.09167ms |       127.0.0.1 | POST     "/add"
[GIN] 2022/01/23 - 22:16:58 | 400 |     7.44804ms |       127.0.0.1 | POST     "/add"
[GIN-debug] [WARNING] Creating an Engine instance with the Logger and Recovery middleware already attached.

[GIN-debug] [WARNING] Running in "debug" mode. Switch to "release" mode in production.
 - using env:	export GIN_MODE=release
 - using code:	gin.SetMode(gin.ReleaseMode)

[GIN-debug] GET    /exercises                --> github.com/gabrielcervante/exercises-history/handlers.(*Exercise).GetExercises-fm (3 handlers)
[GIN-debug] POST   /add                      --> github.com/gabrielcervante/exercises-history/handlers.(*Exercise).AddExercise-fm (3 handlers)
[GIN-debug] PUT    /update                   --> github.com/gabrielcervante/exercises-history/handlers.(*Exercise).UpdateExercise-fm (3 handlers)
[GIN-debug] DELETE /delete                   --> github.com/gabrielcervante/exercises-history/handlers.(*Exercise).DeleteExercise-fm (3 handlers)
[GIN-debug] [WARNING] Creating an Engine instance with the Logger and Recovery middleware already attached.

[GIN-debug] [WARNING] Running in "debug" mode. Switch to "release" mode in production.
 - using env:	export GIN_MODE=release
 - using code:	gin.SetMode(gin.ReleaseMode)

[GIN-debug] GET    /exercises                --> github.com/gabrielcervante/exercises-history/handlers.(*Exercise).GetExercises-fm (3 handlers)
[GIN-debug] POST   /add                      --> github.com/gabrielcervante/exercises-history/handlers.(*Exercise).AddExercise-fm (3 handlers)
[GIN-debug] PUT    /update                   --> github.com/gabrielcervante/exercises-history/handlers.(*Exercise).UpdateExercise-fm (3 handlers)
[GIN-debug] DELETE /delete                   --> github.com/gabrielcervante/exercises-history/handlers.(*Exercise).DeleteExercise-fm (3 handlers)
[GIN] 2022/01/23 - 22:22:09 | 400 |    8.092289ms |       127.0.0.1 | POST     "/add"
[GIN-debug] [WARNING] Creating an Engine instance with the Logger and Recovery middleware already attached.

[GIN-debug] [WARNING] Running in "debug" mode. Switch to "release" mode in production.
 - using env:	export GIN_MODE=release
 - using code:	gin.SetMode(gin.ReleaseMode)

[GIN-debug] GET    /exercises                --> github.com/gabrielcervante/exercises-history/handlers.(*Exercise).GetExercises-fm (3 handlers)
[GIN-debug] POST   /add                      --> github.com/gabrielcervante/exercises-history/handlers.(*Exercise).AddExercise-fm (3 handlers)
[GIN-debug] PUT    /update                   --> github.com/gabrielcervante/exercises-history/handlers.(*Exercise).UpdateExercise-fm (3 handlers)
[GIN-debug] DELETE /delete                   --> github.com/gabrielcervante/exercises-history/handlers.(*Exercise).DeleteExercise-fm (3 handlers)
[GIN] 2022/01/23 - 22:27:37 | 400 |    7.694086ms |       127.0.0.1 | POST     "/add"
[GIN-debug] [WARNING] Creating an Engine instance with the Logger and Recovery middleware already attached.

[GIN-debug] [WARNING] Running in "debug" mode. Switch to "release" mode in production.
 - using env:	export GIN_MODE=release
 - using code:	gin.SetMode(gin.ReleaseMode)

[GIN-debug] GET    /exercises                --> github.com/gabrielcervante/exercises-history/handlers.(*Exercise).GetExercises-fm (3 handlers)
[GIN-debug] POST   /add                      --> github.com/gabrielcervante/exercises-history/handlers.(*Exercise).AddExercise-fm (3 handlers)
[GIN-debug] PUT    /update                   --> github.com/gabrielcervante/exercises-history/handlers.(*Exercise).UpdateExercise-fm (3 handlers)
[GIN-debug] DELETE /delete                   --> github.com/gabrielcervante/exercises-history/handlers.(*Exercise).DeleteExercise-fm (3 handlers)
[GIN-debug] [WARNING] Headers were already written. Wanted to override status code 200 with 400
[GIN] 2022/01/23 - 22:33:17 | 400 |   25.352504ms |       127.0.0.1 | POST     "/add"
[GIN-debug] [WARNING] Creating an Engine instance with the Logger and Recovery middleware already attached.

[GIN-debug] [WARNING] Running in "debug" mode. Switch to "release" mode in production.
 - using env:	export GIN_MODE=release
 - using code:	gin.SetMode(gin.ReleaseMode)

[GIN-debug] GET    /exercises                --> github.com/gabrielcervante/exercises-history/handlers.(*Exercise).GetExercises-fm (3 handlers)
[GIN-debug] POST   /add                      --> github.com/gabrielcervante/exercises-history/handlers.(*Exercise).AddExercise-fm (3 handlers)
[GIN-debug] PUT    /update                   --> github.com/gabrielcervante/exercises-history/handlers.(*Exercise).UpdateExercise-fm (3 handlers)
[GIN-debug] DELETE /delete                   --> github.com/gabrielcervante/exercises-history/handlers.(*Exercise).DeleteExercise-fm (3 handlers)
[GIN] 2022/01/23 - 22:33:36 | 400 |    7.508956ms |       127.0.0.1 | POST     "/add"
[GIN-debug] [WARNING] Creating an Engine instance with the Logger and Recovery middleware already attached.

[GIN-debug] [WARNING] Running in "debug" mode. Switch to "release" mode in production.
 - using env:	export GIN_MODE=release
 - using code:	gin.SetMode(gin.ReleaseMode)

[GIN-debug] GET    /exercises                --> github.com/gabrielcervante/exercises-history/handlers.(*Exercise).GetExercises-fm (3 handlers)
[GIN-debug] POST   /add                      --> github.com/gabrielcervante/exercises-history/handlers.(*Exercise).AddExercise-fm (3 handlers)
[GIN-debug] PUT    /update                   --> github.com/gabrielcervante/exercises-history/handlers.(*Exercise).UpdateExercise-fm (3 handlers)
[GIN-debug] DELETE /delete                   --> github.com/gabrielcervante/exercises-history/handlers.(*Exercise).DeleteExercise-fm (3 handlers)
[GIN-debug] [WARNING] Creating an Engine instance with the Logger and Recovery middleware already attached.

[GIN-debug] [WARNING] Running in "debug" mode. Switch to "release" mode in production.
 - using env:	export GIN_MODE=release
 - using code:	gin.SetMode(gin.ReleaseMode)

[GIN-debug] GET    /exercises                --> github.com/gabrielcervante/exercises-history/handlers.(*Exercise).GetExercises-fm (3 handlers)
[GIN-debug] POST   /add                      --> github.com/gabrielcervante/exercises-history/handlers.(*Exercise).AddExercise-fm (3 handlers)
[GIN-debug] PUT    /update                   --> github.com/gabrielcervante/exercises-history/handlers.(*Exercise).UpdateExercise-fm (3 handlers)
[GIN-debug] DELETE /delete                   --> github.com/gabrielcervante/exercises-history/handlers.(*Exercise).DeleteExercise-fm (3 handlers)
[GIN] 2022/01/23 - 23:31:47 | 200 |    9.233068ms |       127.0.0.1 | GET      "/exercises"
[GIN-debug] [WARNING] Creating an Engine instance with the Logger and Recovery middleware already attached.

[GIN-debug] [WARNING] Running in "debug" mode. Switch to "release" mode in production.
 - using env:	export GIN_MODE=release
 - using code:	gin.SetMode(gin.ReleaseMode)

[GIN-debug] GET    /exercises                --> github.com/gabrielcervante/exercises-history/handlers.(*Exercise).GetExercises-fm (3 handlers)
[GIN-debug] GET    /exercises/:id            --> github.com/gabrielcervante/exercises-history/handlers.(*Exercise).GetOneExercise-fm (3 handlers)
[GIN-debug] POST   /add                      --> github.com/gabrielcervante/exercises-history/handlers.(*Exercise).AddExercise-fm (3 handlers)
[GIN-debug] PUT    /update                   --> github.com/gabrielcervante/exercises-history/handlers.(*Exercise).UpdateExercise-fm (3 handlers)
[GIN-debug] DELETE /delete                   --> github.com/gabrielcervante/exercises-history/handlers.(*Exercise).DeleteExercise-fm (3 handlers)
[GIN] 2022/01/23 - 23:52:05 | 200 |   19.663267ms |       127.0.0.1 | GET      "/exercises/2"
[GIN] 2022/01/23 - 23:52:09 | 200 |    8.246876ms |       127.0.0.1 | GET      "/exercises/1"
[GIN] 2022/01/23 - 23:52:10 | 200 |    9.840557ms |       127.0.0.1 | GET      "/exercises/3"
[GIN] 2022/01/23 - 23:52:13 | 200 |   10.234029ms |       127.0.0.1 | GET      "/exercises/7"
[GIN] 2022/01/23 - 23:52:15 | 200 |    8.381918ms |       127.0.0.1 | GET      "/exercises/8"
[GIN] 2022/01/23 - 23:52:24 | 400 |     104.076µs |       127.0.0.1 | GET      "/exercises/10"
[GIN] 2022/01/23 - 23:52:36 | 200 |    9.601641ms |       127.0.0.1 | GET      "/exercises/9"
[GIN] 2022/01/23 - 23:52:47 | 200 |   18.230716ms |       127.0.0.1 | POST     "/add"
[GIN] 2022/01/23 - 23:52:50 | 400 |      56.412µs |       127.0.0.1 | GET      "/exercises/10"
[GIN-debug] [WARNING] Creating an Engine instance with the Logger and Recovery middleware already attached.

[GIN-debug] [WARNING] Running in "debug" mode. Switch to "release" mode in production.
 - using env:	export GIN_MODE=release
 - using code:	gin.SetMode(gin.ReleaseMode)

[GIN-debug] GET    /exercises                --> github.com/gabrielcervante/exercises-history/handlers.(*Exercise).GetExercises-fm (3 handlers)
[GIN-debug] GET    /exercises/:id            --> github.com/gabrielcervante/exercises-history/handlers.(*Exercise).GetOneExercise-fm (3 handlers)
[GIN-debug] POST   /add                      --> github.com/gabrielcervante/exercises-history/handlers.(*Exercise).AddExercise-fm (3 handlers)
[GIN-debug] PUT    /update                   --> github.com/gabrielcervante/exercises-history/handlers.(*Exercise).UpdateExercise-fm (3 handlers)
[GIN-debug] DELETE /delete                   --> github.com/gabrielcervante/exercises-history/handlers.(*Exercise).DeleteExercise-fm (3 handlers)
[GIN] 2022/01/23 - 23:55:06 | 200 |   16.032156ms |       127.0.0.1 | GET      "/exercises/10"
[GIN] 2022/01/23 - 23:55:09 | 200 |   10.735226ms |       127.0.0.1 | GET      "/exercises/11"
[GIN] 2022/01/23 - 23:55:11 | 200 |   17.131173ms |       127.0.0.1 | GET      "/exercises/12"
[GIN] 2022/01/23 - 23:55:14 | 200 |   15.455416ms |       127.0.0.1 | GET      "/exercises/10"
[GIN] 2022/01/23 - 23:55:20 | 400 |      71.065µs |       127.0.0.1 | GET      "/exercises/a"
[GIN] 2022/01/23 - 23:55:24 | 400 |      45.258µs |       127.0.0.1 | GET      "/exercises/$"
[GIN] 2022/01/23 - 23:55:31 | 400 |      50.497µs |       127.0.0.1 | GET      "/exercises/\x00"
[GIN-debug] [WARNING] Headers were already written. Wanted to override status code 500 with 200
[GIN] 2022/01/23 - 23:56:32 | 200 |   10.213437ms |       127.0.0.1 | GET      "/exercises/2$"
[GIN-debug] redirecting request 301: /exercises --> /exercises
[GIN-debug] [WARNING] Headers were already written. Wanted to override status code 500 with 200
[GIN] 2022/01/23 - 23:56:44 | 200 |     9.09584ms |       127.0.0.1 | GET      "/exercises/@2"
[GIN-debug] [WARNING] Creating an Engine instance with the Logger and Recovery middleware already attached.

[GIN-debug] [WARNING] Running in "debug" mode. Switch to "release" mode in production.
 - using env:	export GIN_MODE=release
 - using code:	gin.SetMode(gin.ReleaseMode)

[GIN-debug] GET    /exercises                --> github.com/gabrielcervante/exercises-history/handlers.(*Exercise).GetExercises-fm (3 handlers)
[GIN-debug] GET    /exercises/:id            --> github.com/gabrielcervante/exercises-history/handlers.(*Exercise).GetOneExercise-fm (3 handlers)
[GIN-debug] POST   /add                      --> github.com/gabrielcervante/exercises-history/handlers.(*Exercise).AddExercise-fm (3 handlers)
[GIN-debug] PUT    /update                   --> github.com/gabrielcervante/exercises-history/handlers.(*Exercise).UpdateExercise-fm (3 handlers)
[GIN-debug] DELETE /delete                   --> github.com/gabrielcervante/exercises-history/handlers.(*Exercise).DeleteExercise-fm (3 handlers)
[GIN] 2022/01/23 - 23:57:33 | 400 |      81.506µs |       127.0.0.1 | GET      "/exercises/10"
[GIN] 2022/01/23 - 23:57:38 | 400 |      77.417µs |       127.0.0.1 | GET      "/exercises/101"
[GIN] 2022/01/23 - 23:57:41 | 200 |   10.331674ms |       127.0.0.1 | GET      "/exercises/9"
[GIN-debug] [WARNING] Creating an Engine instance with the Logger and Recovery middleware already attached.

[GIN-debug] [WARNING] Running in "debug" mode. Switch to "release" mode in production.
 - using env:	export GIN_MODE=release
 - using code:	gin.SetMode(gin.ReleaseMode)

[GIN-debug] GET    /exercises                --> github.com/gabrielcervante/exercises-history/handlers.(*Exercise).GetExercises-fm (3 handlers)
[GIN-debug] GET    /exercises/:id            --> github.com/gabrielcervante/exercises-history/handlers.(*Exercise).GetOneExercise-fm (3 handlers)
[GIN-debug] POST   /add                      --> github.com/gabrielcervante/exercises-history/handlers.(*Exercise).AddExercise-fm (3 handlers)
[GIN-debug] PUT    /update                   --> github.com/gabrielcervante/exercises-history/handlers.(*Exercise).UpdateExercise-fm (3 handlers)
[GIN-debug] DELETE /delete                   --> github.com/gabrielcervante/exercises-history/handlers.(*Exercise).DeleteExercise-fm (3 handlers)
[GIN] 2022/01/24 - 00:00:00 | 200 |   10.185216ms |       127.0.0.1 | GET      "/exercises/10"
[GIN] 2022/01/24 - 00:00:02 | 200 |   17.222332ms |       127.0.0.1 | GET      "/exercises/11"
[GIN] 2022/01/24 - 00:00:04 | 200 |    8.514301ms |       127.0.0.1 | GET      "/exercises/12"
[GIN] 2022/01/24 - 00:00:06 | 200 |   16.208684ms |       127.0.0.1 | GET      "/exercises/120"
[GIN] 2022/01/24 - 00:00:08 | 200 |   13.723259ms |       127.0.0.1 | GET      "/exercises/10"
[GIN] 2022/01/24 - 00:00:13 | 400 |      75.428µs |       127.0.0.1 | GET      "/exercises/10i"
[GIN] 2022/01/24 - 00:00:17 | 400 |     109.507µs |       127.0.0.1 | GET      "/exercises/s10"
[GIN] 2022/01/24 - 00:00:25 | 400 |      62.801µs |       127.0.0.1 | GET      "/exercises/@10"
[GIN] 2022/01/24 - 00:00:29 | 400 |       55.63µs |       127.0.0.1 | GET      "/exercises/0"
[GIN-debug] [WARNING] Creating an Engine instance with the Logger and Recovery middleware already attached.

[GIN-debug] [WARNING] Running in "debug" mode. Switch to "release" mode in production.
 - using env:	export GIN_MODE=release
 - using code:	gin.SetMode(gin.ReleaseMode)

[GIN-debug] GET    /exercises                --> github.com/gabrielcervante/exercises-history/handlers.(*Exercise).GetExercises-fm (3 handlers)
[GIN-debug] GET    /exercises/:id            --> github.com/gabrielcervante/exercises-history/handlers.(*Exercise).GetOneExercise-fm (3 handlers)
[GIN-debug] POST   /add                      --> github.com/gabrielcervante/exercises-history/handlers.(*Exercise).AddExercise-fm (3 handlers)
[GIN-debug] PUT    /update                   --> github.com/gabrielcervante/exercises-history/handlers.(*Exercise).UpdateExercise-fm (3 handlers)
[GIN-debug] DELETE /delete                   --> github.com/gabrielcervante/exercises-history/handlers.(*Exercise).DeleteExercise-fm (3 handlers)
[GIN] 2022/01/24 - 00:01:06 | 400 |     124.087µs |       127.0.0.1 | GET      "/exercises/0"
[GIN] 2022/01/24 - 00:01:09 | 200 |   19.787451ms |       127.0.0.1 | GET      "/exercises/1"
[GIN-debug] [WARNING] Creating an Engine instance with the Logger and Recovery middleware already attached.

[GIN-debug] [WARNING] Running in "debug" mode. Switch to "release" mode in production.
 - using env:	export GIN_MODE=release
 - using code:	gin.SetMode(gin.ReleaseMode)

[GIN-debug] GET    /exercises                --> github.com/gabrielcervante/exercises-history/handlers.(*Exercise).GetExercises-fm (3 handlers)
[GIN-debug] GET    /exercises/:id            --> github.com/gabrielcervante/exercises-history/handlers.(*Exercise).GetOneExercise-fm (3 handlers)
[GIN-debug] POST   /add                      --> github.com/gabrielcervante/exercises-history/handlers.(*Exercise).AddExercise-fm (3 handlers)
[GIN-debug] PUT    /update                   --> github.com/gabrielcervante/exercises-history/handlers.(*Exercise).UpdateExercise-fm (3 handlers)
[GIN-debug] DELETE /delete                   --> github.com/gabrielcervante/exercises-history/handlers.(*Exercise).DeleteExercise-fm (3 handlers)
[GIN] 2022/01/24 - 00:12:11 | 200 |   10.481268ms |       127.0.0.1 | GET      "/exercises/1"
[GIN] 2022/01/24 - 00:12:17 | 200 |   10.136176ms |       127.0.0.1 | GET      "/exercises/3"
[GIN-debug] [WARNING] Creating an Engine instance with the Logger and Recovery middleware already attached.

[GIN-debug] [WARNING] Running in "debug" mode. Switch to "release" mode in production.
 - using env:	export GIN_MODE=release
 - using code:	gin.SetMode(gin.ReleaseMode)

[GIN-debug] GET    /exercises                --> github.com/gabrielcervante/exercises-history/handlers.(*Exercise).GetExercises-fm (3 handlers)
[GIN-debug] GET    /exercises/:id            --> github.com/gabrielcervante/exercises-history/handlers.(*Exercise).GetOneExercise-fm (3 handlers)
[GIN-debug] POST   /add                      --> github.com/gabrielcervante/exercises-history/handlers.(*Exercise).AddExercise-fm (3 handlers)
[GIN-debug] PUT    /update                   --> github.com/gabrielcervante/exercises-history/handlers.(*Exercise).UpdateExercise-fm (3 handlers)
[GIN-debug] DELETE /delete                   --> github.com/gabrielcervante/exercises-history/handlers.(*Exercise).DeleteExercise-fm (3 handlers)
[GIN-debug] [WARNING] Headers were already written. Wanted to override status code 404 with 200
[GIN] 2022/01/24 - 00:22:52 | 200 |   10.609277ms |       127.0.0.1 | GET      "/exercises/11"
[GIN-debug] [WARNING] Creating an Engine instance with the Logger and Recovery middleware already attached.

[GIN-debug] [WARNING] Running in "debug" mode. Switch to "release" mode in production.
 - using env:	export GIN_MODE=release
 - using code:	gin.SetMode(gin.ReleaseMode)

[GIN-debug] GET    /exercises                --> github.com/gabrielcervante/exercises-history/handlers.(*Exercise).GetExercises-fm (3 handlers)
[GIN-debug] GET    /exercises/:id            --> github.com/gabrielcervante/exercises-history/handlers.(*Exercise).GetOneExercise-fm (3 handlers)
[GIN-debug] POST   /add                      --> github.com/gabrielcervante/exercises-history/handlers.(*Exercise).AddExercise-fm (3 handlers)
[GIN-debug] PUT    /update                   --> github.com/gabrielcervante/exercises-history/handlers.(*Exercise).UpdateExercise-fm (3 handlers)
[GIN-debug] DELETE /delete                   --> github.com/gabrielcervante/exercises-history/handlers.(*Exercise).DeleteExercise-fm (3 handlers)
[GIN] 2022/01/24 - 00:26:32 | 404 |    22.35977ms |       127.0.0.1 | GET      "/exercises/11"
[GIN] 2022/01/24 - 00:26:36 | 200 |   11.503963ms |       127.0.0.1 | GET      "/exercises/10"
[GIN] 2022/01/24 - 00:26:38 | 404 |    9.459639ms |       127.0.0.1 | GET      "/exercises/12"
[GIN-debug] [WARNING] Creating an Engine instance with the Logger and Recovery middleware already attached.

[GIN-debug] [WARNING] Running in "debug" mode. Switch to "release" mode in production.
 - using env:	export GIN_MODE=release
 - using code:	gin.SetMode(gin.ReleaseMode)

[GIN-debug] GET    /exercises                --> github.com/gabrielcervante/exercises-history/handlers.(*Exercise).GetExercises-fm (3 handlers)
[GIN-debug] GET    /exercises/:id            --> github.com/gabrielcervante/exercises-history/handlers.(*Exercise).GetOneExercise-fm (3 handlers)
[GIN-debug] POST   /add                      --> github.com/gabrielcervante/exercises-history/handlers.(*Exercise).AddExercise-fm (3 handlers)
[GIN-debug] PUT    /update                   --> github.com/gabrielcervante/exercises-history/handlers.(*Exercise).UpdateExercise-fm (3 handlers)
[GIN-debug] DELETE /delete                   --> github.com/gabrielcervante/exercises-history/handlers.(*Exercise).DeleteExercise-fm (3 handlers)
[GIN-debug] [WARNING] Creating an Engine instance with the Logger and Recovery middleware already attached.

[GIN-debug] [WARNING] Running in "debug" mode. Switch to "release" mode in production.
 - using env:	export GIN_MODE=release
 - using code:	gin.SetMode(gin.ReleaseMode)

[GIN-debug] GET    /exercises                --> github.com/gabrielcervante/exercises-history/handlers.(*Exercise).GetExercises-fm (3 handlers)
[GIN-debug] GET    /exercises/:id            --> github.com/gabrielcervante/exercises-history/handlers.(*Exercise).GetOneExercise-fm (3 handlers)
[GIN-debug] POST   /add                      --> github.com/gabrielcervante/exercises-history/handlers.(*Exercise).AddExercise-fm (3 handlers)
[GIN-debug] PUT    /update                   --> github.com/gabrielcervante/exercises-history/handlers.(*Exercise).UpdateExercise-fm (3 handlers)
[GIN-debug] DELETE /delete                   --> github.com/gabrielcervante/exercises-history/handlers.(*Exercise).DeleteExercise-fm (3 handlers)
[GIN-debug] [WARNING] Creating an Engine instance with the Logger and Recovery middleware already attached.

[GIN-debug] [WARNING] Running in "debug" mode. Switch to "release" mode in production.
 - using env:	export GIN_MODE=release
 - using code:	gin.SetMode(gin.ReleaseMode)

[GIN-debug] GET    /exercises                --> github.com/gabrielcervante/exercises-history/handlers.(*Exercise).GetExercises-fm (3 handlers)
[GIN-debug] GET    /exercises/:id            --> github.com/gabrielcervante/exercises-history/handlers.(*Exercise).GetOneExercise-fm (3 handlers)
[GIN-debug] POST   /add                      --> github.com/gabrielcervante/exercises-history/handlers.(*Exercise).AddExercise-fm (3 handlers)
[GIN-debug] PUT    /update                   --> github.com/gabrielcervante/exercises-history/handlers.(*Exercise).UpdateExercise-fm (3 handlers)
[GIN-debug] DELETE /delete                   --> github.com/gabrielcervante/exercises-history/handlers.(*Exercise).DeleteExercise-fm (3 handlers)
